geometric-optimize called with the following command line:
/projectnb/kbravgrp/soubhikm/qcsoftware/SHARC-OPENCAP-Interface/optimizer_MOLCAS.py /projectnb/kbravgrp/soubhikm/OPENCAP-MD/ethene/SA15-3e20o-CCT3PA

                                        [91m())))))))))))))))/[0m                     
                                    [91m())))))))))))))))))))))))),[0m                
                                [91m*)))))))))))))))))))))))))))))))))[0m             
                        [94m#,[0m    [91m()))))))))/[0m                [91m.)))))))))),[0m          
                      [94m#%%%%,[0m  [91m())))))[0m                        [91m.))))))))*[0m        
                      [94m*%%%%%%,[0m  [91m))[0m              [93m..[0m              [91m,))))))).[0m      
                        [94m*%%%%%%,[0m         [93m***************/.[0m        [91m.)))))))[0m     
                [94m#%%/[0m      [94m(%%%%%%,[0m    [93m/*********************.[0m       [91m)))))))[0m    
              [94m.%%%%%%#[0m      [94m*%%%%%%,[0m  [93m*******/,[0m     [93m**********,[0m      [91m.))))))[0m   
                [94m.%%%%%%/[0m      [94m*%%%%%%,[0m  [93m**[0m              [93m********[0m      [91m.))))))[0m  
          [94m##[0m      [94m.%%%%%%/[0m      [94m(%%%%%%,[0m                  [93m,******[0m      [91m/)))))[0m  
        [94m%%%%%%[0m      [94m.%%%%%%#[0m      [94m*%%%%%%,[0m    [92m,/////.[0m       [93m******[0m      [91m))))))[0m 
      [94m#%[0m      [94m%%[0m      [94m.%%%%%%/[0m      [94m*%%%%%%,[0m  [92m////////,[0m      [93m*****/[0m     [91m,)))))[0m 
    [94m#%%[0m  [94m%%%[0m  [94m%%%#[0m      [94m.%%%%%%/[0m      [94m(%%%%%%,[0m  [92m///////.[0m     [93m/*****[0m      [91m))))).[0m
  [94m#%%%%.[0m      [94m%%%%%#[0m      [94m/%%%%%%*[0m      [94m#%%%%%%[0m   [92m/////)[0m     [93m******[0m      [91m))))),[0m
    [94m#%%%%##%[0m  [94m%%%#[0m      [94m.%%%%%%/[0m      [94m(%%%%%%,[0m  [92m///////.[0m     [93m/*****[0m      [91m))))).[0m
      [94m##[0m     [94m%%%[0m      [94m.%%%%%%/[0m      [94m*%%%%%%,[0m  [92m////////.[0m      [93m*****/[0m     [91m,)))))[0m 
        [94m#%%%%#[0m      [94m/%%%%%%/[0m      [94m(%%%%%%[0m      [92m/)/)//[0m       [93m******[0m      [91m))))))[0m 
          [94m##[0m      [94m.%%%%%%/[0m      [94m(%%%%%%,[0m                  [93m*******[0m      [91m))))))[0m  
                [94m.%%%%%%/[0m      [94m*%%%%%%,[0m  [93m**.[0m             [93m/*******[0m      [91m.))))))[0m  
              [94m*%%%%%%/[0m      [94m(%%%%%%[0m   [93m********/*..,*/*********[0m       [91m*))))))[0m   
                [94m#%%/[0m      [94m(%%%%%%,[0m    [93m*********************/[0m        [91m)))))))[0m    
                        [94m*%%%%%%,[0m         [93m,**************/[0m         [91m,))))))/[0m     
                      [94m(%%%%%%[0m   [91m()[0m                              [91m))))))))[0m       
                      [94m#%%%%,[0m  [91m())))))[0m                        [91m,)))))))),[0m        
                        [94m#,[0m    [91m())))))))))[0m                [91m,)))))))))).[0m          
                                 [91m()))))))))))))))))))))))))))))))/[0m             
                                    [91m())))))))))))))))))))))))).[0m                
                                         [91m())))))))))))))),[0m                     

-=# [1;94m geomeTRIC started. Version: 1.0.2 [0m #=-
Current date and time: 2024-12-24 13:04:30
Backed up existing log file: /projectnb/kbravgrp/soubhikm/OPENCAP-MD/ethene/SA15-3e20o-CCT3PA/geomTRIC.log -> geomTRIC_1.log
Using convergence criteria: convergence_energy 1.00e-06
Using convergence criteria: convergence_grms 3.00e-04
Using convergence criteria: convergence_gmax 4.50e-04
Using convergence criteria: convergence_drms 1.20e-03
Using convergence criteria: convergence_dmax 1.80e-03
Custom engine selected.
Bonds will be generated from interatomic distances less than 1.20 times sum of covalent radii
18 internal coordinates being used (instead of 18 Cartesians)
Internal coordinate system (atoms numbered from 1):
Distance 1-2
Distance 1-3
Distance 1-4
Distance 4-5
Distance 4-6
Angle 2-1-4
Angle 3-1-4
Angle 1-4-6
Angle 5-4-6
Out-of-Plane 1-2-3-4
Out-of-Plane 4-1-5-6
Dihedral 2-1-4-5
Dihedral 2-1-4-6
Dihedral 3-1-4-5
Dihedral 3-1-4-6
Translation-X 1-6
Translation-Y 1-6
Translation-Z 1-6
Rotation-A 1-6
Rotation-B 1-6
Rotation-C 1-6
<class 'geometric.internal.Distance'> : 5
<class 'geometric.internal.Angle'> : 4
<class 'geometric.internal.OutOfPlane'> : 2
<class 'geometric.internal.Dihedral'> : 4
<class 'geometric.internal.TranslationX'> : 1
<class 'geometric.internal.TranslationY'> : 1
<class 'geometric.internal.TranslationZ'> : 1
<class 'geometric.internal.RotationA'> : 1
<class 'geometric.internal.RotationB'> : 1
<class 'geometric.internal.RotationC'> : 1
> ===== Optimization Info: ====
> Job type: Energy minimization
> Maximum number of optimization cycles: 300
> Initial / maximum trust radius (Angstrom): 0.100 / 0.300
> Convergence Criteria:
> Will converge when all 5 criteria are reached:
>  |Delta-E| < 1.00e-06
>  RMS-Grad  < 3.00e-04
>  Max-Grad  < 4.50e-04
>  RMS-Disp  < 1.20e-03
>  Max-Disp  < 1.80e-03
> === End Optimization Info ===
Step    0 : Gradient = 4.769e-02/8.257e-02 (rms/max) Energy = -77.9844946900
Hessian Eigenvalues: 2.30000e-02 2.81854e-02 2.84066e-02 ... 3.67178e-01 3.67178e-01 5.95275e-01
Step    1 : Displace = [0m6.572e-02[0m/[0m8.585e-02[0m (rms/max) Trust = 1.000e-01 (=) Grad = [0m8.938e-03[0m/[0m1.514e-02[0m (rms/max) E (change) = -77.9891623800 ([0m-4.668e-03[0m) Quality = [0m0.551[0m
Checking coordinate system as requested every 1 cycles
Hessian Eigenvalues: 2.29999e-02 2.80412e-02 2.84115e-02 ... 3.67178e-01 3.67637e-01 6.02423e-01
Step    2 : Displace = [0m5.127e-02[0m/[0m8.286e-02[0m (rms/max) Trust = 1.000e-01 (=) Grad = [0m9.335e-03[0m/[0m1.741e-02[0m (rms/max) E (change) = -77.9891792800 ([0m-1.690e-05[0m) Quality = [0m0.008[0m
Checking coordinate system as requested every 1 cycles
Hessian Eigenvalues: 2.29969e-02 2.68885e-02 2.83613e-02 ... 3.67178e-01 4.01763e-01 5.96901e-01
Step    3 : Displace = [0m2.175e-02[0m/[0m3.197e-02[0m (rms/max) Trust = 2.563e-02 ([91m-[0m) Grad = [0m3.678e-03[0m/[0m7.194e-03[0m (rms/max) E (change) = -77.9900424900 ([0m-8.632e-04[0m) Quality = [0m1.091[0m
Checking coordinate system as requested every 1 cycles
Hessian Eigenvalues: 2.08929e-02 2.30151e-02 2.83238e-02 ... 3.67240e-01 4.12154e-01 6.02609e-01
Step    4 : Displace = [0m1.341e-02[0m/[0m1.756e-02[0m (rms/max) Trust = 3.625e-02 ([92m+[0m) Grad = [0m2.700e-03[0m/[0m4.238e-03[0m (rms/max) E (change) = -77.9901825400 ([0m-1.401e-04[0m) Quality = [0m0.332[0m
Checking coordinate system as requested every 1 cycles
Hessian Eigenvalues: 8.47439e-03 2.30010e-02 2.83269e-02 ... 3.72040e-01 4.76351e-01 6.00371e-01
Step    5 : Displace = [0m1.693e-02[0m/[0m2.579e-02[0m (rms/max) Trust = 3.625e-02 (=) Grad = [0m3.481e-03[0m/[0m5.454e-03[0m (rms/max) E (change) = -77.9903416700 ([0m-1.591e-04[0m) Quality = [0m0.432[0m
Checking coordinate system as requested every 1 cycles
Hessian Eigenvalues: 5.32025e-03 2.30110e-02 2.83494e-02 ... 3.83872e-01 4.73585e-01 5.85561e-01
Step    6 : Displace = [0m1.862e-02[0m/[0m3.063e-02[0m (rms/max) Trust = 3.625e-02 (=) Grad = [0m3.363e-03[0m/[0m5.766e-03[0m (rms/max) E (change) = -77.9905891000 ([0m-2.474e-04[0m) Quality = [0m1.111[0m
Checking coordinate system as requested every 1 cycles
Hessian Eigenvalues: 2.78724e-03 2.29787e-02 2.84529e-02 ... 3.89276e-01 5.06501e-01 6.71395e-01
Step    7 : Displace = [0m5.559e-02[0m/[0m8.472e-02[0m (rms/max) Trust = 5.127e-02 ([92m+[0m) Grad = [0m7.824e-03[0m/[0m1.211e-02[0m (rms/max) E (change) = -77.9896879400 ([91m+9.012e-04[0m) Quality = [91m-1.741[0m
[93mRejecting step - quality is lower than -1.0[0m
Hessian Eigenvalues: 2.78724e-03 2.29787e-02 2.84529e-02 ... 3.89276e-01 5.06501e-01 6.71395e-01
Step    8 : Displace = [0m2.414e-02[0m/[0m3.730e-02[0m (rms/max) Trust = 2.563e-02 ([1;91mx[0m) Grad = [0m4.060e-03[0m/[0m6.338e-03[0m (rms/max) E (change) = -77.9906898300 ([0m-1.007e-04[0m) Quality = [0m0.245[0m
Checking coordinate system as requested every 1 cycles
Hessian Eigenvalues: 4.21601e-03 1.28157e-02 2.30555e-02 ... 3.83107e-01 5.40829e-01 9.30260e-01
Step    9 : Displace = [0m1.127e-02[0m/[0m2.180e-02[0m (rms/max) Trust = 1.207e-02 ([91m-[0m) Grad = [0m3.672e-03[0m/[0m5.503e-03[0m (rms/max) E (change) = -77.9908734200 ([0m-1.836e-04[0m) Quality = [0m0.419[0m
Checking coordinate system as requested every 1 cycles
Hessian Eigenvalues: 2.70931e-03 9.82728e-03 2.30287e-02 ... 4.40613e-01 5.35626e-01 6.21469e-01
Step   10 : Displace = [0m1.278e-02[0m/[0m1.765e-02[0m (rms/max) Trust = 1.207e-02 (=) Grad = [0m2.352e-03[0m/[0m3.794e-03[0m (rms/max) E (change) = -77.9911019900 ([0m-2.286e-04[0m) Quality = [0m0.550[0m
Checking coordinate system as requested every 1 cycles
Hessian Eigenvalues: 2.45655e-03 9.33083e-03 2.30322e-02 ... 4.28019e-01 4.94089e-01 6.59329e-01
Step   11 : Displace = [0m1.197e-02[0m/[0m2.275e-02[0m (rms/max) Trust = 1.207e-02 (=) Grad = [0m1.156e-03[0m/[0m1.670e-03[0m (rms/max) E (change) = -77.9910243700 ([91m+7.762e-05[0m) Quality = [91m-0.176[0m
Checking coordinate system as requested every 1 cycles
[1;94mInternal coordinate system may have changed[0m
-- Added: --
Angle 2-1-3
Angle 1-4-5
-- Deleted: --
Out-of-Plane 1-2-3-4
Out-of-Plane 4-1-5-6
Refreshing coordinate system and resetting rotations
Updating Hessian using 10 steps from history
Hessian Eigenvalues: 4.70366e-03 8.65742e-03 2.30970e-02 ... 3.75231e-01 3.80357e-01 5.54533e-01
Step   12 : Displace = [0m6.262e-03[0m/[0m1.049e-02[0m (rms/max) Trust = 5.984e-03 ([91m-[0m) Grad = [0m4.764e-04[0m/[0m5.477e-04[0m (rms/max) E (change) = -77.9909995300 ([91m+2.484e-05[0m) Quality = [91m-0.181[0m
Checking coordinate system as requested every 1 cycles
Hessian Eigenvalues: 3.69471e-03 1.16244e-02 2.30992e-02 ... 3.75041e-01 3.80691e-01 5.60669e-01
Step   13 : Displace = [0m3.271e-03[0m/[0m5.902e-03[0m (rms/max) Trust = 2.992e-03 ([91m-[0m) Grad = [0m4.757e-04[0m/[0m8.437e-04[0m (rms/max) E (change) = -77.9910212400 ([0m-2.171e-05[0m) Quality = [0m0.177[0m
Poor-quality step dominated by net translation/rotation detected; will project out net forces and torques past this point.
Checking coordinate system as requested every 1 cycles
Hessian Eigenvalues: 6.95610e-03 9.77713e-03 2.30996e-02 ... 3.75647e-01 3.80678e-01 5.60929e-01
Step   14 : Displace = [0m1.577e-03[0m/[0m2.530e-03[0m (rms/max) Trust = 1.496e-03 ([91m-[0m) Grad = [92m2.094e-04[0m/[92m4.257e-04[0m (rms/max) E (change) = -77.9910128800 ([91m+8.360e-06[0m) Quality = [91m-1.347[0m
[93mRejecting step - quality is lower than -1.0[0m
Hessian Eigenvalues: 6.95610e-03 9.77713e-03 2.30996e-02 ... 3.75647e-01 3.80678e-01 5.60929e-01
Step   15 : Displace = [0m1.279e-03[0m/[0m1.925e-03[0m (rms/max) Trust = 1.200e-03 ([1;91mx[0m) Grad = [92m2.385e-04[0m/[0m4.982e-04[0m (rms/max) E (change) = -77.9910158100 ([91m+5.430e-06[0m) Quality = [91m-1.040[0m
[93mNot rejecting step - trust below tmin = 1.200e-03[0m
Checking coordinate system as requested every 1 cycles
Hessian Eigenvalues: 6.55884e-03 1.18698e-02 2.30808e-02 ... 3.69572e-01 3.82007e-01 5.57901e-01
Step   16 : Displace = [0m1.218e-03[0m/[0m2.391e-03[0m (rms/max) Trust = 1.200e-03 (=) Grad = [92m1.135e-04[0m/[92m2.124e-04[0m (rms/max) E (change) = -77.9910025900 ([91m+1.322e-05[0m) Quality = [91m-5.963[0m
[93mNot rejecting step - trust below tmin = 1.200e-03[0m
Checking coordinate system as requested every 1 cycles
Hessian Eigenvalues: 9.90070e-03 1.38383e-02 2.29079e-02 ... 3.68577e-01 3.79279e-01 5.76946e-01
Step   17 : Displace = [92m8.900e-04[0m/[92m1.757e-03[0m (rms/max) Trust = 1.200e-03 (=) Grad = [92m5.820e-05[0m/[92m1.228e-04[0m (rms/max) E (change) = -77.9909926800 ([91m+9.910e-06[0m) Quality = [91m-20.952[0m
[93mNot rejecting step - trust below tmin = 1.200e-03[0m
Checking coordinate system as requested every 1 cycles
Hessian Eigenvalues: 9.91873e-03 1.54945e-02 2.29231e-02 ... 3.68724e-01 3.80094e-01 5.62472e-01
Step   18 : Displace = [92m1.244e-04[0m/[92m1.808e-04[0m (rms/max) Trust = 1.200e-03 (=) Grad = [92m5.483e-05[0m/[92m9.717e-05[0m (rms/max) E (change) = -77.9909929500 ([92m-2.700e-07[0m) Quality = [0m11.456[0m
Hessian Eigenvalues: 9.91873e-03 1.54945e-02 2.29231e-02 ... 3.68724e-01 3.80094e-01 5.62472e-01
Converged! =D

    #==========================================================================#
    #| If this code has benefited your research, please support us by citing: |#
    #|                                                                        |#
    #| Wang, L.-P.; Song, C.C. (2016) "Geometry optimization made simple with |#
    #| translation and rotation coordinates", J. Chem, Phys. 144, 214108.     |#
    #| http://dx.doi.org/10.1063/1.4952956                                    |#
    #==========================================================================#
    Time elapsed since start of run_optimizer: 18533.524 seconds
